<?xml version="1.0" encoding="UTF-8"?>
<testng-results ignored="0" total="1" passed="1" failed="0" skipped="0">
  <reporter-output>
    <line>
      <![CDATA[Launched chrome browser]]>
    </line>
    <line>
      <![CDATA[Environment : https://opensource-demo.orangehrmlive.com/web/index.php/auth/login]]>
    </line>
    <line>
      <![CDATA[url: true]]>
    </line>
  </reporter-output>
  <suite started-at="2023-10-18T14:45:06 IST" name="Default suite" finished-at="2023-10-18T14:46:04 IST" duration-ms="57409">
    <groups>
    </groups>
    <test started-at="2023-10-18T14:45:06 IST" name="Default test" finished-at="2023-10-18T14:46:04 IST" duration-ms="57409">
      <class name="tests.orangehrm.DashboardTest">
        <test-method is-config="true" signature="beforeSuite(java.lang.String)[pri:0, instance:tests.orangehrm.DashboardTest@18d87d80]" started-at="2023-10-18T14:45:06 IST" name="beforeSuite" finished-at="2023-10-18T14:45:06 IST" duration-ms="14" status="PASS">
          <params>
            <param index="0">
              <value is-null="true"/>
            </param>
          </params>
          <reporter-output>
          </reporter-output>
        </test-method> <!-- beforeSuite -->
        <test-method is-config="true" signature="beforeTest()[pri:0, instance:tests.orangehrm.DashboardTest@18d87d80]" started-at="2023-10-18T14:45:06 IST" name="beforeTest" finished-at="2023-10-18T14:45:18 IST" duration-ms="12020" status="PASS">
          <reporter-output>
            <line>
              <![CDATA[Launched chrome browser]]>
            </line>
            <line>
              <![CDATA[Environment : https://opensource-demo.orangehrmlive.com/web/index.php/auth/login]]>
            </line>
          </reporter-output>
        </test-method> <!-- beforeTest -->
        <test-method is-config="true" signature="beforeMethod()[pri:0, instance:tests.orangehrm.DashboardTest@18d87d80]" started-at="2023-10-18T14:45:19 IST" name="beforeMethod" finished-at="2023-10-18T14:45:19 IST" duration-ms="0" status="PASS">
          <reporter-output>
          </reporter-output>
        </test-method> <!-- beforeMethod -->
        <test-method signature="verifyAddEmplyeeInPim(java.lang.String,java.lang.String,java.lang.String,java.lang.String)[pri:0, instance:tests.orangehrm.DashboardTest@18d87d80]" started-at="2023-10-18T14:45:19 IST" name="verifyAddEmplyeeInPim" description="dashboard" data-provider="addEmployee" finished-at="2023-10-18T14:46:04 IST" duration-ms="45186" status="PASS">
          <params>
            <param index="0">
              <value>
                <![CDATA[Mansi]]>
              </value>
            </param>
            <param index="1">
              <value>
                <![CDATA[Rajeshbhai]]>
              </value>
            </param>
            <param index="2">
              <value>
                <![CDATA[Vyas]]>
              </value>
            </param>
            <param index="3">
              <value>
                <![CDATA[444005]]>
              </value>
            </param>
          </params>
          <reporter-output>
            <line>
              <![CDATA[url: true]]>
            </line>
          </reporter-output>
        </test-method> <!-- verifyAddEmplyeeInPim -->
      </class> <!-- tests.orangehrm.DashboardTest -->
    </test> <!-- Default test -->
  </suite> <!-- Default suite -->
</testng-results>
